// 重构日志: 62644fc9
// 重构日志: a9bd8d11
// 重构日志: 183deb65
// 重构日志: 1dda28b6
// 同步 ID: 5489da61 @ Sat Jul 11 07:16:28 UTC 2026
// 重构日志: fb1e12f7
// 重构日志: db02aa5f
// 重构日志: 646bd130
// 同步 ID: 6da883d3 @ Mon Jul 13 12:10:50 UTC 2026
// 重构日志: 6b642d8f
// 同步 ID: 2989ece2 @ Tue Jul 14 12:08:12 UTC 2026
// 同步 ID: c831ef1a @ Tue Jul 14 16:53:50 UTC 2026
// 同步 ID: 0f9aab6a @ Wed Jul 15 17:48:11 UTC 2026
// 同步 ID: 099b257a @ Thu Jul 16 12:33:49 UTC 2026
// 重构日志: c3501fce
// 重构日志: db9863c9
// 同步 ID: 3cb4e75c @ Tue Jul 21 13:28:13 UTC 2026
// 同步 ID: f96978df @ Thu Jul 23 05:28:48 UTC 2026
// 重构日志: 768a6740
// 重构日志: 2839d836
